<?xml version="1.0" encoding="UTF-8"?>
<!-- Generated by org.testng.reporters.JUnitXMLReporter -->
<testsuite ignored="1" hostname="LAPTOP-MCIHK329" failures="1" tests="1" name="Default test(failed)" time="0.09" errors="0" timestamp="2023-09-17T15:02:29 IST">
  <testcase classname="testNGExcecution.TestNGclass2" name="Method4" time="0.014">
    <failure type="java.lang.ArithmeticException" message="/ by zero">
      <![CDATA[java.lang.ArithmeticException: / by zero
at testNGExcecution.TestNGclass2.Method4(TestNGclass2.java:17)
at java.base/java.util.ArrayList.forEach(ArrayList.java:1511)
... Removed 27 stack frames]]>
    </failure>
  </testcase> <!-- Method4 -->
  <testcase classname="testNGExcecution.TestNGclass2" name="Method3" time="0.0">
    <ignored/>
  </testcase> <!-- Method3 -->
</testsuite> <!-- Default test(failed) -->
