<?xml version="1.0" encoding="UTF-8"?>
<!-- Generated by org.testng.reporters.JUnitXMLReporter -->
<testsuite ignored="1" hostname="LAPTOP-MCIHK329" failures="0" tests="1" name="Default test(failed)(failed)" time="0.096" errors="0" timestamp="2023-09-17T15:03:35 IST">
  <testcase classname="testNGExcecution.TestNGclass2" name="Method4" time="0.017"/>
  <testcase classname="testNGExcecution.TestNGclass2" name="Method3" time="0.0">
    <ignored/>
  </testcase> <!-- Method3 -->
</testsuite> <!-- Default test(failed)(failed) -->
