<?xml version="1.0" encoding="UTF-8"?>
<!-- Generated by org.testng.reporters.JUnitXMLReporter -->
<testsuite ignored="0" hostname="LAPTOP-MCIHK329" failures="0" tests="4" name="Test" time="0.155" errors="0" timestamp="2023-09-17T15:30:35 IST">
  <testcase classname="testNGPackage.Demo" name="Method1" time="0.025"/>
  <testcase classname="testNGPackage.Demo" name="Method2" time="0.004"/>
  <testcase classname="testNGPackage.Remo" name="Method3" time="0.004"/>
  <testcase classname="testNGPackage.Remo" name="Method4" time="0.003"/>
</testsuite> <!-- Test -->
